<?xml version="1.0" encoding="UTF-8"?>
<testsuite xmlns:xsi="http://www.w3.org/2001/XMLSchema-instance" xsi:noNamespaceSchemaLocation="https://maven.apache.org/surefire/maven-surefire-plugin/xsd/surefire-test-report.xsd" name="NegativeCourierCreateTest" time="2.891" tests="2" errors="0" skipped="0" failures="2">
  <properties>
[...]
</properties>
  <testcase name="impossibleCreateCouriersWithSameLogin" classname="NegativeCourierCreateTest" time="2.076">
    <failure message="expected:&lt;...гин уже используется[]&gt; but was:&lt;...гин уже используется[. Попробуйте другой.]&gt;" type="org.junit.ComparisonFailure"><![CDATA[org.junit.ComparisonFailure: expected:<...гин уже используется[]> but was:<...гин уже используется[. Попробуйте другой.]>
	at NegativeCourierCreateTest.impossibleCreateCouriersWithSameLogin(NegativeCourierCreateTest.java:69)
]]></failure>
    <system-out><![CDATA[Request method:	POST
Request URI:	https://qa-scooter.praktikum-services.ru/api/v1/courier/
Proxy:			<none>
Request params:	<none>
Query params:	<none>
Form params:	<none>
Path params:	<none>
Headers:		Accept=*/*
				Content-Type=application/json
Cookies:		<none>
Multiparts:		<none>
Body:
{
    "login": "wertyu",
    "password": "8500",
    "firstName": "qwertyui"
}
HTTP/1.1 201 Created
Access-Control-Allow-Origin: *
Content-Length: 11
Content-Type: application/json; charset=utf-8
Date: Sun, 18 Aug 2024 09:54:50 GMT
ETag: W/"b-Ai2R8hgEarLmHKwesT1qcY913ys"
Set-Cookie: _yasc=r/jshChc4QPmL/Vz5+0+K4iao7r9jZh/hszlpU6R9tZYhsYdA37Z1Sf52UUNQMJ8Ew==; domain=.praktikum-services.ru; path=/; expires=Wed, 16 Aug 2034 09:54:50 GMT; secure
X-Powered-By: Express
X-Request-Id: 1723974890034964-9969783270318110791

{
    "ok": true
}
Request method:	POST
Request URI:	https://qa-scooter.praktikum-services.ru/api/v1/courier/login/
Proxy:			<none>
Request params:	<none>
Query params:	<none>
Form params:	<none>
Path params:	<none>
Headers:		Accept=*/*
				Content-Type=application/json
Cookies:		<none>
Multiparts:		<none>
Body:
{
    "login": "wertyu",
    "password": "8500"
}
HTTP/1.1 200 OK
Access-Control-Allow-Origin: *
Content-Length: 13
Content-Type: application/json; charset=utf-8
Date: Sun, 18 Aug 2024 09:54:50 GMT
ETag: W/"d-tDGXv1x0Azy/SDwd7zbRvgVwwyY"
Set-Cookie: _yasc=LA7Aoe3IwAYW8JYtJdHOwS4ERcD7gAa027fBnTcAfPuxbKZt6hiLe0lByu5kcENJ; domain=.praktikum-services.ru; path=/; expires=Wed, 16 Aug 2034 09:54:50 GMT; secure
X-Powered-By: Express
X-Request-Id: 1723974890259470-7149144612778331646

{
    "id": 369893
}
Request method:	POST
Request URI:	https://qa-scooter.praktikum-services.ru/api/v1/courier/
Proxy:			<none>
Request params:	<none>
Query params:	<none>
Form params:	<none>
Path params:	<none>
Headers:		Accept=*/*
				Content-Type=application/json
Cookies:		<none>
Multiparts:		<none>
Body:
{
    "login": "wertyu",
    "password": "4500",
    "firstName": "asdasd"
}
HTTP/1.1 409 Conflict
Access-Control-Allow-Origin: *
Content-Length: 112
Content-Type: application/json; charset=utf-8
Date: Sun, 18 Aug 2024 09:54:51 GMT
ETag: W/"70-sLG1ZktNk+Ab3iaKUMwxkdL4FJo"
Set-Cookie: _yasc=1GAcUhuWlTmkp1D352Dpce7IWdcnWkbmfgtPJ0JOF2tTs7W/Dsf6Eif7/9rKmVML; domain=.praktikum-services.ru; path=/; expires=Wed, 16 Aug 2034 09:54:51 GMT; secure
X-Powered-By: Express
X-Request-Id: 1723974891542702-17135328688194032088

{
    "code": 409,
    "message": "Этот логин уже используется. Попробуйте другой."
}
]]></system-out>
  </testcase>
  <testcase name="impossibleCreateSameCouriers" classname="NegativeCourierCreateTest" time="0.804">
    <failure message="expected:&lt;...гин уже используется[]&gt; but was:&lt;...гин уже используется[. Попробуйте другой.]&gt;" type="org.junit.ComparisonFailure"><![CDATA[org.junit.ComparisonFailure: expected:<...гин уже используется[]> but was:<...гин уже используется[. Попробуйте другой.]>
	at NegativeCourierCreateTest.impossibleCreateSameCouriers(NegativeCourierCreateTest.java:46)
]]></failure>
    <system-out><![CDATA[Request method:	POST
Request URI:	https://qa-scooter.praktikum-services.ru/api/v1/courier/
Proxy:			<none>
Request params:	<none>
Query params:	<none>
Form params:	<none>
Path params:	<none>
Headers:		Accept=*/*
				Content-Type=application/json
Cookies:		<none>
Multiparts:		<none>
Body:
{
    "login": "wertyu",
    "password": "8500",
    "firstName": "qwertyui"
}
HTTP/1.1 201 Created
Access-Control-Allow-Origin: *
Content-Length: 11
Content-Type: application/json; charset=utf-8
Date: Sun, 18 Aug 2024 09:54:52 GMT
ETag: W/"b-Ai2R8hgEarLmHKwesT1qcY913ys"
Set-Cookie: _yasc=IBPvumQ23Otuljh1ZtJgf7Sqxnci0hXaFKE40aDdATuxugi2fWxdvXwZE+MVhMY/GA==; domain=.praktikum-services.ru; path=/; expires=Wed, 16 Aug 2034 09:54:52 GMT; secure
X-Powered-By: Express
X-Request-Id: 1723974892072309-1473442403895210893

{
    "ok": true
}
Request method:	POST
Request URI:	https://qa-scooter.praktikum-services.ru/api/v1/courier/login/
Proxy:			<none>
Request params:	<none>
Query params:	<none>
Form params:	<none>
Path params:	<none>
Headers:		Accept=*/*
				Content-Type=application/json
Cookies:		<none>
Multiparts:		<none>
Body:
{
    "login": "wertyu",
    "password": "8500"
}
HTTP/1.1 200 OK
Access-Control-Allow-Origin: *
Content-Length: 13
Content-Type: application/json; charset=utf-8
Date: Sun, 18 Aug 2024 09:54:52 GMT
ETag: W/"d-l8DIxqd2DZDSjRnKFNx978cgj2Q"
Set-Cookie: _yasc=zBYNbSfK0Ptcq4k2HkNK8BTrYz+nAwQs7r4KER1UI/iqUwZMWDpIKCq95YR5z/Mp; domain=.praktikum-services.ru; path=/; expires=Wed, 16 Aug 2034 09:54:52 GMT; secure
X-Powered-By: Express
X-Request-Id: 1723974892289634-273277460414455928

{
    "id": 369894
}
Request method:	POST
Request URI:	https://qa-scooter.praktikum-services.ru/api/v1/courier/
Proxy:			<none>
Request params:	<none>
Query params:	<none>
Form params:	<none>
Path params:	<none>
Headers:		Accept=*/*
				Content-Type=application/json
Cookies:		<none>
Multiparts:		<none>
Body:
{
    "login": "wertyu",
    "password": "8500",
    "firstName": "qwertyui"
}
HTTP/1.1 409 Conflict
Access-Control-Allow-Origin: *
Content-Length: 112
Content-Type: application/json; charset=utf-8
Date: Sun, 18 Aug 2024 09:54:52 GMT
ETag: W/"70-sLG1ZktNk+Ab3iaKUMwxkdL4FJo"
Set-Cookie: _yasc=X52zEMUU11mcmHoE1mo76bZNebI1Q/QhK1c4Kn9O6GQA/A56UB3PRIqnV/D3FDvH; domain=.praktikum-services.ru; path=/; expires=Wed, 16 Aug 2034 09:54:52 GMT; secure
X-Powered-By: Express
X-Request-Id: 1723974892506414-8070240215278740970

{
    "code": 409,
    "message": "Этот логин уже используется. Попробуйте другой."
}
]]></system-out>
  </testcase>
</testsuite>